Flow report for Project2
Wed Nov 11 20:21:25 2015
Quartus II 64-Bit Version 13.0.1 Build 232 06/12/2013 Service Pack 1 SJ Web Edition


---------------------
; Table of Contents ;
---------------------
  1. Legal Notice
  2. Flow Summary
  3. Flow Settings
  4. Flow Non-Default Global Settings
  5. Flow Elapsed Time
  6. Flow OS Summary
  7. Flow Log
  8. Flow Messages
  9. Flow Suppressed Messages



----------------
; Legal Notice ;
----------------
Copyright (C) 1991-2013 Altera Corporation
Your use of Altera Corporation's design tools, logic functions 
and other software and tools, and its AMPP partner logic 
functions, and any output files from any of the foregoing 
(including device programming or simulation files), and any 
associated documentation or information are expressly subject 
to the terms and conditions of the Altera Program License 
Subscription Agreement, Altera MegaCore Function License 
Agreement, or other applicable license agreement, including, 
without limitation, that your use is for the sole purpose of 
programming logic devices manufactured by Altera and sold by 
Altera or its authorized distributors.  Please refer to the 
applicable agreement for further details.



+--------------------------------------------------------------------------------------+
; Flow Summary                                                                         ;
+------------------------------------+-------------------------------------------------+
; Flow Status                        ; Successful - Wed Nov 11 20:21:21 2015           ;
; Quartus II 64-Bit Version          ; 13.0.1 Build 232 06/12/2013 SP 1 SJ Web Edition ;
; Revision Name                      ; Project2                                        ;
; Top-level Entity Name              ; Project2                                        ;
; Family                             ; Cyclone II                                      ;
; Device                             ; EP2C20F484C7                                    ;
; Timing Models                      ; Final                                           ;
; Total logic elements               ; 4,897 / 18,752 ( 26 % )                         ;
;     Total combinational functions  ; 2,648 / 18,752 ( 14 % )                         ;
;     Dedicated logic registers      ; 3,521 / 18,752 ( 19 % )                         ;
; Total registers                    ; 3521                                            ;
; Total pins                         ; 61 / 315 ( 19 % )                               ;
; Total virtual pins                 ; 0                                               ;
; Total memory bits                  ; 108,800 / 239,616 ( 45 % )                      ;
; Embedded Multiplier 9-bit elements ; 0 / 52 ( 0 % )                                  ;
; Total PLLs                         ; 1 / 4 ( 25 % )                                  ;
+------------------------------------+-------------------------------------------------+


+-----------------------------------------+
; Flow Settings                           ;
+-------------------+---------------------+
; Option            ; Setting             ;
+-------------------+---------------------+
; Start date & time ; 11/11/2015 20:19:53 ;
; Main task         ; Compilation         ;
; Revision Name     ; Project2            ;
+-------------------+---------------------+


+-----------------------------------------------------------------------------------------------------------------------------------------------------------------------------------------------+
; Flow Non-Default Global Settings                                                                                                                                                              ;
+---------------------------------------------------+------------------------------------------------------------------------------------------+---------------+-------------+------------------+
; Assignment Name                                   ; Value                                                                                    ; Default Value ; Entity Name ; Section Id       ;
+---------------------------------------------------+------------------------------------------------------------------------------------------+---------------+-------------+------------------+
; ADD_PASS_THROUGH_LOGIC_TO_INFERRED_RAMS           ; Off                                                                                      ; On            ; --          ; --               ;
; ALLOW_ANY_RAM_SIZE_FOR_RECOGNITION                ; On                                                                                       ; Off           ; --          ; --               ;
; ALLOW_ANY_ROM_SIZE_FOR_RECOGNITION                ; On                                                                                       ; Off           ; --          ; --               ;
; AUTO_RAM_TO_LCELL_CONVERSION                      ; On                                                                                       ; Off           ; --          ; --               ;
; COMPILER_SIGNATURE_ID                             ; 218274680071839.144729119303556                                                          ; --            ; --          ; --               ;
; CYCLONEII_OPTIMIZATION_TECHNIQUE                  ; Speed                                                                                    ; Balanced      ; --          ; --               ;
; ENABLE_SIGNALTAP                                  ; On                                                                                       ; --            ; --          ; --               ;
; FITTER_EFFORT                                     ; Standard Fit                                                                             ; Auto Fit      ; --          ; --               ;
; IP_TOOL_NAME                                      ; ALTPLL                                                                                   ; --            ; --          ; --               ;
; IP_TOOL_VERSION                                   ; 13.0                                                                                     ; --            ; --          ; --               ;
; MAX_CORE_JUNCTION_TEMP                            ; 85                                                                                       ; --            ; --          ; --               ;
; MIN_CORE_JUNCTION_TEMP                            ; 0                                                                                        ; --            ; --          ; --               ;
; MISC_FILE                                         ; Lectures.dpf                                                                             ; --            ; --          ; --               ;
; MISC_FILE                                         ; PLL_inst.v                                                                               ; --            ; --          ; --               ;
; MISC_FILE                                         ; PLL_bb.v                                                                                 ; --            ; --          ; --               ;
; MISC_FILE                                         ; PLL.ppf                                                                                  ; --            ; --          ; --               ;
; PARTITION_COLOR                                   ; 16764057                                                                                 ; --            ; --          ; Top              ;
; PARTITION_FITTER_PRESERVATION_LEVEL               ; PLACEMENT_AND_ROUTING                                                                    ; --            ; --          ; Top              ;
; PARTITION_NETLIST_TYPE                            ; SOURCE                                                                                   ; --            ; --          ; Top              ;
; PHYSICAL_SYNTHESIS_ASYNCHRONOUS_SIGNAL_PIPELINING ; On                                                                                       ; Off           ; --          ; --               ;
; PHYSICAL_SYNTHESIS_COMBO_LOGIC                    ; On                                                                                       ; Off           ; --          ; --               ;
; PHYSICAL_SYNTHESIS_EFFORT                         ; Extra                                                                                    ; Normal        ; --          ; --               ;
; PHYSICAL_SYNTHESIS_REGISTER_DUPLICATION           ; On                                                                                       ; Off           ; --          ; --               ;
; PHYSICAL_SYNTHESIS_REGISTER_RETIMING              ; On                                                                                       ; Off           ; --          ; --               ;
; PLACEMENT_EFFORT_MULTIPLIER                       ; 10                                                                                       ; 1.0           ; --          ; --               ;
; POWER_AUTO_COMPUTE_TJ                             ; Off                                                                                      ; On            ; --          ; --               ;
; POWER_TJ_VALUE                                    ; 85                                                                                       ; 25            ; --          ; --               ;
; REMOVE_REDUNDANT_LOGIC_CELLS                      ; On                                                                                       ; Off           ; --          ; --               ;
; ROUTER_EFFORT_MULTIPLIER                          ; 10                                                                                       ; 1.0           ; --          ; --               ;
; ROUTER_TIMING_OPTIMIZATION_LEVEL                  ; MAXIMUM                                                                                  ; Normal        ; --          ; --               ;
; SAVE_DISK_SPACE                                   ; Off                                                                                      ; On            ; --          ; --               ;
; SLD_FILE                                          ; C:/Users/HM/Downloads/CS3220+Project+2/CS3220 Project 2/Project2_auto_stripped.stp       ; --            ; --          ; --               ;
; SLD_NODE_CREATOR_ID                               ; 110                                                                                      ; --            ; --          ; auto_signaltap_0 ;
; SLD_NODE_ENTITY_NAME                              ; sld_signaltap                                                                            ; --            ; --          ; auto_signaltap_0 ;
; SLD_NODE_PARAMETER_ASSIGNMENT                     ; SLD_NODE_INFO=805334528                                                                  ; --            ; --          ; auto_signaltap_0 ;
; SLD_NODE_PARAMETER_ASSIGNMENT                     ; SLD_POWER_UP_TRIGGER=0                                                                   ; --            ; --          ; auto_signaltap_0 ;
; SLD_NODE_PARAMETER_ASSIGNMENT                     ; SLD_STORAGE_QUALIFIER_INVERSION_MASK_LENGTH=0                                            ; --            ; --          ; auto_signaltap_0 ;
; SLD_NODE_PARAMETER_ASSIGNMENT                     ; SLD_SEGMENT_SIZE=128                                                                     ; --            ; --          ; auto_signaltap_0 ;
; SLD_NODE_PARAMETER_ASSIGNMENT                     ; SLD_ATTRIBUTE_MEM_MODE=OFF                                                               ; --            ; --          ; auto_signaltap_0 ;
; SLD_NODE_PARAMETER_ASSIGNMENT                     ; SLD_STATE_FLOW_USE_GENERATED=0                                                           ; --            ; --          ; auto_signaltap_0 ;
; SLD_NODE_PARAMETER_ASSIGNMENT                     ; SLD_STATE_BITS=11                                                                        ; --            ; --          ; auto_signaltap_0 ;
; SLD_NODE_PARAMETER_ASSIGNMENT                     ; SLD_BUFFER_FULL_STOP=1                                                                   ; --            ; --          ; auto_signaltap_0 ;
; SLD_NODE_PARAMETER_ASSIGNMENT                     ; SLD_CURRENT_RESOURCE_WIDTH=1                                                             ; --            ; --          ; auto_signaltap_0 ;
; SLD_NODE_PARAMETER_ASSIGNMENT                     ; SLD_TRIGGER_LEVEL=1                                                                      ; --            ; --          ; auto_signaltap_0 ;
; SLD_NODE_PARAMETER_ASSIGNMENT                     ; SLD_SAMPLE_DEPTH=128                                                                     ; --            ; --          ; auto_signaltap_0 ;
; SLD_NODE_PARAMETER_ASSIGNMENT                     ; SLD_TRIGGER_IN_ENABLED=0                                                                 ; --            ; --          ; auto_signaltap_0 ;
; SLD_NODE_PARAMETER_ASSIGNMENT                     ; SLD_ADVANCED_TRIGGER_ENTITY=basic,1,                                                     ; --            ; --          ; auto_signaltap_0 ;
; SLD_NODE_PARAMETER_ASSIGNMENT                     ; SLD_TRIGGER_LEVEL_PIPELINE=1                                                             ; --            ; --          ; auto_signaltap_0 ;
; SLD_NODE_PARAMETER_ASSIGNMENT                     ; SLD_ENABLE_ADVANCED_TRIGGER=0                                                            ; --            ; --          ; auto_signaltap_0 ;
; SLD_NODE_PARAMETER_ASSIGNMENT                     ; SLD_TRIGGER_BITS=16                                                                      ; --            ; --          ; auto_signaltap_0 ;
; SLD_NODE_PARAMETER_ASSIGNMENT                     ; SLD_INVERSION_MASK=000000000000000000000000000000000000000000000000000000000000000000000 ; --            ; --          ; auto_signaltap_0 ;
; SLD_NODE_PARAMETER_ASSIGNMENT                     ; SLD_INVERSION_MASK_LENGTH=69                                                             ; --            ; --          ; auto_signaltap_0 ;
; SLD_NODE_PARAMETER_ASSIGNMENT                     ; SLD_DATA_BITS=338                                                                        ; --            ; --          ; auto_signaltap_0 ;
; SLD_NODE_PARAMETER_ASSIGNMENT                     ; SLD_NODE_CRC_LOWORD=33249                                                                ; --            ; --          ; auto_signaltap_0 ;
; SLD_NODE_PARAMETER_ASSIGNMENT                     ; SLD_NODE_CRC_HIWORD=38211                                                                ; --            ; --          ; auto_signaltap_0 ;
; SMART_RECOMPILE                                   ; On                                                                                       ; Off           ; --          ; --               ;
; SYNTH_TIMING_DRIVEN_SYNTHESIS                     ; On                                                                                       ; Off           ; --          ; --               ;
; TIMEQUEST_DO_REPORT_TIMING                        ; On                                                                                       ; Off           ; --          ; --               ;
; USE_SIGNALTAP_FILE                                ; Project2.stp                                                                             ; --            ; --          ; --               ;
+---------------------------------------------------+------------------------------------------------------------------------------------------+---------------+-------------+------------------+


+-------------------------------------------------------------------------------------------------------------------------------+
; Flow Elapsed Time                                                                                                             ;
+---------------------------+--------------+-------------------------+---------------------+------------------------------------+
; Module Name               ; Elapsed Time ; Average Processors Used ; Peak Virtual Memory ; Total CPU Time (on all processors) ;
+---------------------------+--------------+-------------------------+---------------------+------------------------------------+
; Analysis & Synthesis      ; 00:00:17     ; 1.0                     ; 614 MB              ; 00:00:17                           ;
; Fitter                    ; 00:01:05     ; 1.3                     ; 849 MB              ; 00:01:20                           ;
; Assembler                 ; 00:00:01     ; 1.0                     ; 440 MB              ; 00:00:02                           ;
; TimeQuest Timing Analyzer ; 00:00:03     ; 1.0                     ; 511 MB              ; 00:00:03                           ;
; Total                     ; 00:01:26     ; --                      ; --                  ; 00:01:42                           ;
+---------------------------+--------------+-------------------------+---------------------+------------------------------------+


+----------------------------------------------------------------------------------------+
; Flow OS Summary                                                                        ;
+---------------------------+------------------+-----------+------------+----------------+
; Module Name               ; Machine Hostname ; OS Name   ; OS Version ; Processor type ;
+---------------------------+------------------+-----------+------------+----------------+
; Analysis & Synthesis      ; HC               ; Windows 7 ; 6.2        ; x86_64         ;
; Fitter                    ; HC               ; Windows 7 ; 6.2        ; x86_64         ;
; Assembler                 ; HC               ; Windows 7 ; 6.2        ; x86_64         ;
; TimeQuest Timing Analyzer ; HC               ; Windows 7 ; 6.2        ; x86_64         ;
+---------------------------+------------------+-----------+------------+----------------+


------------
; Flow Log ;
------------
quartus_map --read_settings_files=on --write_settings_files=off Project2 -c Project2
quartus_fit --read_settings_files=off --write_settings_files=off Project2 -c Project2
quartus_asm --read_settings_files=off --write_settings_files=off Project2 -c Project2
quartus_sta Project2 -c Project2



